<?xml version="1.0" encoding="UTF-8"?>
<!-- Generated by org.testng.reporters.JUnitReportReporter -->
<testsuite hostname="ndi-mb-063" failures="0" tests="4" name="com.newtours.tests.BookFlightTest" time="47.657" errors="0" timestamp="2021-10-30T17:48:03 IST" skipped="0">
  <testcase classname="com.newtours.tests.BookFlightTest" name="registrationPage" time="12.776"/>
  <system-out/>
  <testcase classname="com.newtours.tests.BookFlightTest" name="registrationPage" time="12.179"/>
  <system-out/>
  <testcase classname="com.newtours.tests.BookFlightTest" name="registrationPage" time="10.962"/>
  <system-out/>
  <testcase classname="com.newtours.tests.BookFlightTest" name="registrationPage" time="11.740"/>
  <system-out/>
</testsuite> <!-- com.newtours.tests.BookFlightTest -->
