<?xml version="1.0" encoding="UTF-8"?>
<!-- Generated by org.testng.reporters.JUnitReportReporter -->
<testsuite hostname="ndi-mb-063" failures="0" tests="4" name="com.searchmodule.tests.SearchTest" time="28.064" errors="0" timestamp="2021-10-30T17:46:14 IST" skipped="0">
  <testcase classname="com.searchmodule.tests.SearchTest" name="search" time="6.595"/>
  <system-out/>
  <testcase classname="com.searchmodule.tests.SearchTest" name="search" time="7.104"/>
  <system-out/>
  <testcase classname="com.searchmodule.tests.SearchTest" name="search" time="7.223"/>
  <system-out/>
  <testcase classname="com.searchmodule.tests.SearchTest" name="search" time="7.142"/>
  <system-out/>
</testsuite> <!-- com.searchmodule.tests.SearchTest -->
